2026-05-10 08:22:02,686 [INFO] 
############################################################
2026-05-10 08:22:02,687 [INFO] # ЗАПУСК: MCAOA
2026-05-10 08:22:02,687 [INFO] ############################################################
2026-05-10 08:22:02,687 [INFO] [MCAOA] Started. CONCEPT.md: 16584 chars, 258 lines
2026-05-10 08:22:02,687 [INFO] 
[MCAOA] ==================================================
2026-05-10 08:22:02,687 [INFO] [MCAOA] CYCLE 1/9
2026-05-10 08:22:02,687 [INFO] [MCAOA] ==================================================
2026-05-10 08:22:02,687 [INFO] [MCAOA] === TBPR-project Cycle v1 ===
2026-05-10 08:23:12,977 [INFO]   → TBPR Review: /home/oem/Desktop/LC/AIM/tbpr_project_output/MCAOA/tbpr_cycle_01_review.md
2026-05-10 08:23:12,988 [INFO] [MCAOA]  Scores: R1=42/55; R2=40/55; R3=34/55
2026-05-10 08:23:12,989 [INFO] [MCAOA]  → Combined: 34/55 (61.8%) — UNKNOWN ⭐
2026-05-10 08:23:12,989 [INFO] [MCAOA]  🆕 Лучший результат!
2026-05-10 08:23:12,989 [INFO] [MCAOA]  Исправляю...
2026-05-10 08:23:12,989 [INFO] [MCAOA] Fixing document based on TBPR review...
2026-05-10 08:24:46,509 [INFO]   → Fixed CONCEPT: /home/oem/Desktop/LC/AIM/tbpr_project_output/MCAOA/CONCEPT_v1_fixed.md
2026-05-10 08:24:46,509 [INFO] 
[MCAOA] ==================================================
2026-05-10 08:24:46,509 [INFO] [MCAOA] CYCLE 2/9
2026-05-10 08:24:46,509 [INFO] [MCAOA] ==================================================
2026-05-10 08:24:46,509 [INFO] [MCAOA]  ⬅ Откат к лучшей версии (v1: 34/55)
2026-05-10 08:24:46,509 [INFO] [MCAOA] === TBPR-project Cycle v2 ===
