[2026-05-08 18:45:26] 
========== AutomatedMicroscopy START ==========
[2026-05-08 18:45:26]   AutomatedMicroscopy iter 1
[2026-05-08 18:46:41]     verdict: REVISE_MAJOR (75s)
[2026-05-08 18:47:13]     fixes: 3 applied, 6 skipped (32s)
[2026-05-08 18:47:15]   AutomatedMicroscopy iter 2
[2026-05-08 18:48:29]     verdict: REVISE_MAJOR (74s)
[2026-05-08 18:49:00]     fixes: 2 applied, 6 skipped (31s)
[2026-05-08 18:49:02]   AutomatedMicroscopy iter 3
[2026-05-08 18:50:16]     verdict: REVISE_MAJOR (73s)
[2026-05-08 18:50:53]     fixes: 0 applied, 9 skipped (37s)
[2026-05-08 18:50:55]   AutomatedMicroscopy iter 4
[2026-05-08 18:52:17]     verdict: REVISE_MAJOR (82s)
[2026-05-08 18:52:50]     fixes: 0 applied, 9 skipped (33s)
[2026-05-08 18:52:52]   AutomatedMicroscopy iter 5
[2026-05-08 18:54:15]     verdict: REVISE_MAJOR (83s)
[2026-05-08 18:54:53]     fixes: 0 applied, 9 skipped (39s)
[2026-05-08 18:54:55]   AutomatedMicroscopy iter 6
[2026-05-08 18:56:15]     verdict: REVISE_MAJOR (80s)
[2026-05-08 18:56:47]     fixes: 2 applied, 7 skipped (31s)
[2026-05-08 18:56:49]   AutomatedMicroscopy iter 7
[2026-05-08 18:58:11]     verdict: REVISE_MAJOR (82s)
[2026-05-08 18:58:55]     ERROR fix: Expecting ',' delimiter: line 1 column 10002 (char 10001)
[2026-05-08 18:59:12]   AutomatedMicroscopy iter 8
[2026-05-08 19:00:38]     verdict: UNKNOWN (86s)
[2026-05-08 19:00:38]     UNKNOWN verdict (parser failure) — retry iter 8
[2026-05-08 19:00:43]   AutomatedMicroscopy iter 8
[2026-05-08 19:02:04]     verdict: REVISE_MAJOR (81s)
[2026-05-08 19:02:41]     fixes: 0 applied, 9 skipped (37s)
[2026-05-08 19:02:43]   AutomatedMicroscopy iter 9
[2026-05-08 19:04:07]     verdict: UNKNOWN (84s)
[2026-05-08 19:04:07]     UNKNOWN verdict (parser failure) — retry iter 9
[2026-05-08 19:04:12]   AutomatedMicroscopy iter 9
[2026-05-08 19:05:38]     verdict: UNKNOWN (86s)
[2026-05-08 19:05:38]     UNKNOWN verdict (parser failure) — retry iter 9
[2026-05-08 19:05:43]   AutomatedMicroscopy iter 9
[2026-05-08 19:07:08]     verdict: REVISE_MAJOR (85s)
[2026-05-08 19:07:46]     fixes: 0 applied, 9 skipped (38s)
[2026-05-08 19:07:48]   AutomatedMicroscopy iter 10
[2026-05-08 19:09:06]     verdict: REVISE_MAJOR (78s)
[2026-05-08 19:09:45]     fixes: 0 applied, 9 skipped (39s)
[2026-05-08 19:09:47]   AutomatedMicroscopy iter 11
[2026-05-08 19:11:13]     verdict: UNKNOWN (85s)
[2026-05-08 19:11:13]     UNKNOWN verdict (parser failure) — retry iter 11
[2026-05-08 19:11:18]   AutomatedMicroscopy iter 11
[2026-05-08 19:12:43]     verdict: REVISE_MAJOR (85s)
[2026-05-08 19:13:21]     fixes: 0 applied, 9 skipped (38s)
[2026-05-08 19:13:24]   AutomatedMicroscopy iter 12
[2026-05-08 19:14:42]     verdict: REVISE_MAJOR (78s)
[2026-05-08 19:15:19]     fixes: 6 applied, 1 skipped (37s)
[2026-05-08 19:15:21]   AutomatedMicroscopy iter 13
[2026-05-08 19:16:48]     verdict: REVISE_MAJOR (87s)
[2026-05-08 19:17:44]     fixes: 0 applied, 9 skipped (56s)
[2026-05-08 19:17:46]   AutomatedMicroscopy iter 14
[2026-05-08 19:19:13]     verdict: REVISE_MAJOR (87s)
[2026-05-08 19:20:02]     fixes: 1 applied, 6 skipped (49s)
[2026-05-08 19:20:04]   AutomatedMicroscopy iter 15
[2026-05-08 19:21:29]     verdict: REVISE_MAJOR (85s)
[2026-05-08 19:22:15]     fixes: 0 applied, 9 skipped (45s)
[2026-05-08 19:22:17]   AutomatedMicroscopy iter 16
[2026-05-08 19:23:35]     verdict: UNKNOWN (79s)
[2026-05-08 19:23:35]     UNKNOWN verdict (parser failure) — retry iter 16
[2026-05-08 19:23:40]   AutomatedMicroscopy iter 16
[2026-05-08 19:25:06]     verdict: REJECT (85s)
[2026-05-08 19:25:52]     fixes: 1 applied, 8 skipped (46s)
[2026-05-08 19:25:54]   AutomatedMicroscopy iter 17
[2026-05-08 19:27:12]     verdict: REVISE_MAJOR (78s)
[2026-05-08 19:27:49]     fixes: 0 applied, 9 skipped (37s)
[2026-05-08 19:27:51]   AutomatedMicroscopy iter 18
[2026-05-08 19:29:13]     verdict: REVISE_MAJOR (82s)
[2026-05-08 19:29:47]     fixes: 1 applied, 9 skipped (35s)
[2026-05-08 19:29:49]   AutomatedMicroscopy iter 19
[2026-05-08 19:31:06]     verdict: UNKNOWN (77s)
[2026-05-08 19:31:06]     UNKNOWN verdict (parser failure) — retry iter 19
[2026-05-08 19:31:11]   AutomatedMicroscopy iter 19
[2026-05-08 19:32:31]     verdict: UNKNOWN (80s)
[2026-05-08 19:32:31]     UNKNOWN verdict (parser failure) — retry iter 19
[2026-05-08 19:32:36]   AutomatedMicroscopy iter 19
[2026-05-08 19:33:57]     verdict: REVISE_MAJOR (81s)
[2026-05-08 19:34:26]     fixes: 1 applied, 8 skipped (29s)
[2026-05-08 19:34:28]   AutomatedMicroscopy iter 20
[2026-05-08 19:35:48]     verdict: REVISE_MAJOR (80s)
[2026-05-08 19:36:19]     fixes: 0 applied, 3 skipped (31s)
[2026-05-08 19:36:21]   AutomatedMicroscopy iter 21
[2026-05-08 19:37:39]     verdict: UNKNOWN (78s)
[2026-05-08 19:37:39]     UNKNOWN verdict (parser failure) — retry iter 21
[2026-05-08 19:37:44]   AutomatedMicroscopy iter 21
[2026-05-08 19:39:01]     verdict: REJECT (77s)
[2026-05-08 19:39:40]     fixes: 1 applied, 8 skipped (39s)
[2026-05-08 19:39:42]   AutomatedMicroscopy iter 22
[2026-05-08 19:41:00]     verdict: REJECT (78s)
[2026-05-08 19:41:32]     fixes: 1 applied, 8 skipped (32s)
[2026-05-08 19:41:34]   AutomatedMicroscopy iter 23
[2026-05-08 19:42:44]     verdict: REJECT (69s)
[2026-05-08 19:43:03]     fixes: 0 applied, 5 skipped (20s)
[2026-05-08 19:43:05]   AutomatedMicroscopy iter 24
[2026-05-08 19:44:20]     verdict: REVISE_MAJOR (74s)
[2026-05-08 19:44:52]     fixes: 0 applied, 9 skipped (32s)
[2026-05-08 19:44:54]   AutomatedMicroscopy iter 25
[2026-05-08 19:46:09]     verdict: UNKNOWN (75s)
[2026-05-08 19:46:09]     UNKNOWN verdict (parser failure) — retry iter 25
[2026-05-08 19:46:14]   AutomatedMicroscopy iter 25
[2026-05-08 19:47:23]     verdict: UNKNOWN (68s)
[2026-05-08 19:47:23]     UNKNOWN verdict (parser failure) — retry iter 25
[2026-05-08 19:47:28]   AutomatedMicroscopy iter 25
[2026-05-08 19:48:42]     verdict: UNKNOWN (74s)
[2026-05-08 19:48:42]     UNKNOWN verdict (parser failure) — retry iter 25
[2026-05-08 19:48:47]   AutomatedMicroscopy iter 25
[2026-05-08 19:49:56]     verdict: UNKNOWN (69s)
[2026-05-08 19:49:56]     UNKNOWN verdict (parser failure) — retry iter 25
[2026-05-08 19:50:01]   AutomatedMicroscopy iter 25
[2026-05-08 19:51:14]     verdict: UNKNOWN (73s)
[2026-05-08 19:51:14]     UNKNOWN verdict (parser failure) — retry iter 25
[2026-05-08 19:51:19]   AutomatedMicroscopy iter 25
[2026-05-08 19:52:27]     verdict: REJECT (69s)
[2026-05-08 19:52:58]     fixes: 1 applied, 8 skipped (30s)
[2026-05-08 19:53:00]   AutomatedMicroscopy iter 26
[2026-05-08 19:54:08]     verdict: REVISE_MAJOR (69s)
[2026-05-08 19:54:53]     fixes: 0 applied, 9 skipped (45s)
[2026-05-08 19:54:55]   AutomatedMicroscopy iter 27
[2026-05-08 19:56:09]     verdict: REVISE_MAJOR (73s)
[2026-05-08 19:56:32]     fixes: 0 applied, 7 skipped (23s)
[2026-05-08 19:56:34]   AutomatedMicroscopy iter 28
[2026-05-08 19:57:43]     verdict: REVISE_MAJOR (69s)
[2026-05-08 19:58:38]     fixes: 1 applied, 8 skipped (55s)
